<?xml version="1.0" encoding="UTF-8"?>
<testsuite name="Academy Choucair" tests="1" skipped="0" failures="0" errors="0" timestamp="2021-04-30T22:58:14" hostname="DESKTOP-K1QLJHN" time="183.007">
  <properties/>
  <testcase name="Search for a automation course" classname="Academy Choucair" time="183.007"/>
  <system-out><![CDATA[]]></system-out>
  <system-err><![CDATA[[Test worker] WARN net.thucydides.core.steps.BaseStepListener - stepStarted: net.thucydides.core.steps.ExecutedStepDescription@782aef93
[Test worker] WARN net.thucydides.core.steps.BaseStepListener - stepStarted: net.thucydides.core.steps.ExecutedStepDescription@232e899c
[Test worker] WARN net.thucydides.core.steps.BaseStepListener - stepStarted: net.thucydides.core.steps.ExecutedStepDescription@ba63f87
abr 30, 2021 5:58:17 PM org.openqa.selenium.remote.DesiredCapabilities chrome
INFORMACIÓN: Using `new ChromeOptions()` is preferred to `DesiredCapabilities.chrome()`
[Test worker] INFO net.serenitybdd.core.webdriver.driverproviders.ProvideNewDriver - Instantiating driver
[Test worker] INFO net.serenitybdd.core.webdriver.driverproviders.ProvideNewDriver - Driver capabilities: Capabilities {acceptInsecureCerts: false, browserName: chrome, chrome.switches: --start-maximized, goog:chromeOptions: {args: [--start-maximized], extensions: []}, loggingPrefs: org.openqa.selenium.logging..., platform: ANY, version: }
Starting ChromeDriver 89.0.4389.23 (61b08ee2c50024bab004e48d2b1b083cdbdac579-refs/branch-heads/4389@{#294}) on port 17914
Only local connections are allowed.
Please see https://chromedriver.chromium.org/security-considerations for suggestions on keeping ChromeDriver safe.
ChromeDriver was started successfully.
[1619823518.578][WARNING]: This version of ChromeDriver has not been tested with Chrome version 90.
abr 30, 2021 5:58:47 PM org.openqa.selenium.remote.ProtocolHandshake createSession
INFORMACIÓN: Detected dialect: W3C
[Test worker] WARN net.thucydides.core.steps.BaseStepListener - stepFinished: current outcome:Search for a automation course:Example: {user=1094966668, password=Choucair2021*, course=Metodología Bancolombia} [Given that Daniel wants to learn automation at the academy Choucair
| user | password |
| 1094966668 | Choucair2021* | [Daniel open up [Daniel opens the Choucair academy page]]]
[Test worker] WARN net.thucydides.core.steps.BaseStepListener - stepFinished: current outcome:Search for a automation course:Example: {user=1094966668, password=Choucair2021*, course=Metodología Bancolombia} [Given that Daniel wants to learn automation at the academy Choucair
| user | password |
| 1094966668 | Choucair2021* | [Daniel open up [Daniel opens the Choucair academy page]]]
[Test worker] WARN net.thucydides.core.steps.BaseStepListener - stepStarted: net.thucydides.core.steps.ExecutedStepDescription@47d8e82e
[Test worker] WARN net.thucydides.core.steps.BaseStepListener - stepStarted: net.thucydides.core.steps.ExecutedStepDescription@3291fb2c
[Test worker] WARN net.thucydides.core.steps.BaseStepListener - stepFinished: current outcome:Search for a automation course:Example: {user=1094966668, password=Choucair2021*, course=Metodología Bancolombia} [Given that Daniel wants to learn automation at the academy Choucair
| user | password |
| 1094966668 | Choucair2021* | [Daniel open up [Daniel opens the Choucair academy page], Daniel login [Daniel clicks on button that shows us the form to login]]]
[Test worker] WARN net.thucydides.core.steps.BaseStepListener - stepStarted: net.thucydides.core.steps.ExecutedStepDescription@57d464fc
[Test worker] WARN net.thucydides.core.steps.BaseStepListener - stepFinished: current outcome:Search for a automation course:Example: {user=1094966668, password=Choucair2021*, course=Metodología Bancolombia} [Given that Daniel wants to learn automation at the academy Choucair
| user | password |
| 1094966668 | Choucair2021* | [Daniel open up [Daniel opens the Choucair academy page], Daniel login [Daniel clicks on button that shows us the form to login, Daniel enters '1094966668' into where we write the user]]]
[Test worker] WARN net.thucydides.core.steps.BaseStepListener - stepStarted: net.thucydides.core.steps.ExecutedStepDescription@7363dd8
[Test worker] WARN net.thucydides.core.steps.BaseStepListener - stepFinished: current outcome:Search for a automation course:Example: {user=1094966668, password=Choucair2021*, course=Metodología Bancolombia} [Given that Daniel wants to learn automation at the academy Choucair
| user | password |
| 1094966668 | Choucair2021* | [Daniel open up [Daniel opens the Choucair academy page], Daniel login [Daniel clicks on button that shows us the form to login, Daniel enters '1094966668' into where we write the user, Daniel enters 'Choucair2021*' into where we write the password of user]]]
[Test worker] WARN net.thucydides.core.steps.BaseStepListener - stepStarted: net.thucydides.core.steps.ExecutedStepDescription@16d23148
[Test worker] WARN net.thucydides.core.steps.BaseStepListener - stepFinished: current outcome:Search for a automation course:Example: {user=1094966668, password=Choucair2021*, course=Metodología Bancolombia} [Given that Daniel wants to learn automation at the academy Choucair
| user | password |
| 1094966668 | Choucair2021* | [Daniel open up [Daniel opens the Choucair academy page], Daniel login [Daniel clicks on button that shows us the form to login, Daniel enters '1094966668' into where we write the user, Daniel enters 'Choucair2021*' into where we write the password of user, Daniel clicks on Button to confirm the data of user]]]
[Test worker] WARN net.thucydides.core.steps.BaseStepListener - stepFinished: current outcome:Search for a automation course:Example: {user=1094966668, password=Choucair2021*, course=Metodología Bancolombia} [Given that Daniel wants to learn automation at the academy Choucair
| user | password |
| 1094966668 | Choucair2021* | [Daniel open up [Daniel opens the Choucair academy page], Daniel login [Daniel clicks on button that shows us the form to login, Daniel enters '1094966668' into where we write the user, Daniel enters 'Choucair2021*' into where we write the password of user, Daniel clicks on Button to confirm the data of user]]]
[Test worker] WARN net.thucydides.core.steps.BaseStepListener - stepFinished: current outcome:Search for a automation course:Example: {user=1094966668, password=Choucair2021*, course=Metodología Bancolombia} [Given that Daniel wants to learn automation at the academy Choucair
| user | password |
| 1094966668 | Choucair2021* | [Daniel open up [Daniel opens the Choucair academy page], Daniel login [Daniel clicks on button that shows us the form to login, Daniel enters '1094966668' into where we write the user, Daniel enters 'Choucair2021*' into where we write the password of user, Daniel clicks on Button to confirm the data of user]]]
[Test worker] WARN net.thucydides.core.steps.BaseStepListener - stepStarted: net.thucydides.core.steps.ExecutedStepDescription@347eca33
[Test worker] WARN net.thucydides.core.steps.BaseStepListener - stepStarted: net.thucydides.core.steps.ExecutedStepDescription@535acb2f
[Test worker] WARN net.thucydides.core.steps.BaseStepListener - stepStarted: net.thucydides.core.steps.ExecutedStepDescription@1b1b666c
[Test worker] WARN net.thucydides.core.steps.BaseStepListener - stepFinished: current outcome:Search for a automation course:Example: {user=1094966668, password=Choucair2021*, course=Metodología Bancolombia} [Given that Daniel wants to learn automation at the academy Choucair
| user | password |
| 1094966668 | Choucair2021* | [Daniel open up [Daniel opens the Choucair academy page], Daniel login [Daniel clicks on button that shows us the form to login, Daniel enters '1094966668' into where we write the user, Daniel enters 'Choucair2021*' into where we write the password of user, Daniel clicks on Button to confirm the data of user]], When he search for the course on the Choucair Academy platform
| course |
| Metodología Bancolombia | [Daniel search [Daniel clicks on button that shows us the courses]]]
[Test worker] WARN net.thucydides.core.steps.BaseStepListener - stepStarted: net.thucydides.core.steps.ExecutedStepDescription@253f5e28
[Test worker] WARN net.thucydides.core.steps.BaseStepListener - stepFinished: current outcome:Search for a automation course:Example: {user=1094966668, password=Choucair2021*, course=Metodología Bancolombia} [Given that Daniel wants to learn automation at the academy Choucair
| user | password |
| 1094966668 | Choucair2021* | [Daniel open up [Daniel opens the Choucair academy page], Daniel login [Daniel clicks on button that shows us the form to login, Daniel enters '1094966668' into where we write the user, Daniel enters 'Choucair2021*' into where we write the password of user, Daniel clicks on Button to confirm the data of user]], When he search for the course on the Choucair Academy platform
| course |
| Metodología Bancolombia | [Daniel search [Daniel clicks on button that shows us the courses, Daniel enters 'Metodología Bancolombia' into Search the course]]]
[Test worker] WARN net.thucydides.core.steps.BaseStepListener - stepStarted: net.thucydides.core.steps.ExecutedStepDescription@26c105bd
[Test worker] WARN net.thucydides.core.steps.BaseStepListener - stepFinished: current outcome:Search for a automation course:Example: {user=1094966668, password=Choucair2021*, course=Metodología Bancolombia} [Given that Daniel wants to learn automation at the academy Choucair
| user | password |
| 1094966668 | Choucair2021* | [Daniel open up [Daniel opens the Choucair academy page], Daniel login [Daniel clicks on button that shows us the form to login, Daniel enters '1094966668' into where we write the user, Daniel enters 'Choucair2021*' into where we write the password of user, Daniel clicks on Button to confirm the data of user]], When he search for the course on the Choucair Academy platform
| course |
| Metodología Bancolombia | [Daniel search [Daniel clicks on button that shows us the courses, Daniel enters 'Metodología Bancolombia' into Search the course, Daniel clicks on click to search the course]]]
[Test worker] WARN net.thucydides.core.steps.BaseStepListener - stepStarted: net.thucydides.core.steps.ExecutedStepDescription@53dd0f73
[Test worker] WARN net.thucydides.core.steps.BaseStepListener - stepFinished: current outcome:Search for a automation course:Example: {user=1094966668, password=Choucair2021*, course=Metodología Bancolombia} [Given that Daniel wants to learn automation at the academy Choucair
| user | password |
| 1094966668 | Choucair2021* | [Daniel open up [Daniel opens the Choucair academy page], Daniel login [Daniel clicks on button that shows us the form to login, Daniel enters '1094966668' into where we write the user, Daniel enters 'Choucair2021*' into where we write the password of user, Daniel clicks on Button to confirm the data of user]], When he search for the course on the Choucair Academy platform
| course |
| Metodología Bancolombia | [Daniel search [Daniel clicks on button that shows us the courses, Daniel enters 'Metodología Bancolombia' into Search the course, Daniel clicks on click to search the course, Daniel clicks on click to select the course]]]
[Test worker] WARN net.thucydides.core.steps.BaseStepListener - stepFinished: current outcome:Search for a automation course:Example: {user=1094966668, password=Choucair2021*, course=Metodología Bancolombia} [Given that Daniel wants to learn automation at the academy Choucair
| user | password |
| 1094966668 | Choucair2021* | [Daniel open up [Daniel opens the Choucair academy page], Daniel login [Daniel clicks on button that shows us the form to login, Daniel enters '1094966668' into where we write the user, Daniel enters 'Choucair2021*' into where we write the password of user, Daniel clicks on Button to confirm the data of user]], When he search for the course on the Choucair Academy platform
| course |
| Metodología Bancolombia | [Daniel search [Daniel clicks on button that shows us the courses, Daniel enters 'Metodología Bancolombia' into Search the course, Daniel clicks on click to search the course, Daniel clicks on click to select the course]]]
[Test worker] WARN net.thucydides.core.steps.BaseStepListener - stepFinished: current outcome:Search for a automation course:Example: {user=1094966668, password=Choucair2021*, course=Metodología Bancolombia} [Given that Daniel wants to learn automation at the academy Choucair
| user | password |
| 1094966668 | Choucair2021* | [Daniel open up [Daniel opens the Choucair academy page], Daniel login [Daniel clicks on button that shows us the form to login, Daniel enters '1094966668' into where we write the user, Daniel enters 'Choucair2021*' into where we write the password of user, Daniel clicks on Button to confirm the data of user]], When he search for the course on the Choucair Academy platform
| course |
| Metodología Bancolombia | [Daniel search [Daniel clicks on button that shows us the courses, Daniel enters 'Metodología Bancolombia' into Search the course, Daniel clicks on click to search the course, Daniel clicks on click to select the course]]]
[Test worker] WARN net.thucydides.core.steps.BaseStepListener - stepStarted: net.thucydides.core.steps.ExecutedStepDescription@32fac0c4
[Test worker] WARN net.thucydides.core.steps.BaseStepListener - stepStarted: net.thucydides.core.steps.ExecutedStepDescription@59827844
[Test worker] WARN net.thucydides.core.steps.BaseStepListener - stepFinished: current outcome:Search for a automation course:Example: {user=1094966668, password=Choucair2021*, course=Metodología Bancolombia} [Given that Daniel wants to learn automation at the academy Choucair
| user | password |
| 1094966668 | Choucair2021* | [Daniel open up [Daniel opens the Choucair academy page], Daniel login [Daniel clicks on button that shows us the form to login, Daniel enters '1094966668' into where we write the user, Daniel enters 'Choucair2021*' into where we write the password of user, Daniel clicks on Button to confirm the data of user]], When he search for the course on the Choucair Academy platform
| course |
| Metodología Bancolombia | [Daniel search [Daniel clicks on button that shows us the courses, Daniel enters 'Metodología Bancolombia' into Search the course, Daniel clicks on click to search the course, Daniel clicks on click to select the course]], Then he finds the course called
| course |
| Metodología Bancolombia | [Then answer]]
[Test worker] WARN net.thucydides.core.steps.BaseStepListener - stepFinished: current outcome:Search for a automation course:Example: {user=1094966668, password=Choucair2021*, course=Metodología Bancolombia} [Given that Daniel wants to learn automation at the academy Choucair
| user | password |
| 1094966668 | Choucair2021* | [Daniel open up [Daniel opens the Choucair academy page], Daniel login [Daniel clicks on button that shows us the form to login, Daniel enters '1094966668' into where we write the user, Daniel enters 'Choucair2021*' into where we write the password of user, Daniel clicks on Button to confirm the data of user]], When he search for the course on the Choucair Academy platform
| course |
| Metodología Bancolombia | [Daniel search [Daniel clicks on button that shows us the courses, Daniel enters 'Metodología Bancolombia' into Search the course, Daniel clicks on click to search the course, Daniel clicks on click to select the course]], Then he finds the course called
| course |
| Metodología Bancolombia | [Then answer]]
[Test worker] WARN net.thucydides.core.steps.BaseStepListener - stepFinished: current outcome:Search for a automation course:Example: {user=1094966668, password=Choucair2021*, course=Metodología Bancolombia} [Given that Daniel wants to learn automation at the academy Choucair
| user | password |
| 1094966668 | Choucair2021* | [Daniel open up [Daniel opens the Choucair academy page], Daniel login [Daniel clicks on button that shows us the form to login, Daniel enters '1094966668' into where we write the user, Daniel enters 'Choucair2021*' into where we write the password of user, Daniel clicks on Button to confirm the data of user]], When he search for the course on the Choucair Academy platform
| course |
| Metodología Bancolombia | [Daniel search [Daniel clicks on button that shows us the courses, Daniel enters 'Metodología Bancolombia' into Search the course, Daniel clicks on click to search the course, Daniel clicks on click to select the course]], Then he finds the course called
| course |
| Metodología Bancolombia | [Then answer]]
abr 30, 2021 6:01:17 PM org.openqa.selenium.os.OsProcess destroy
INFORMACIÓN: Unable to drain process streams. Ignoring but the exception being swallowed follows.
org.apache.commons.exec.ExecuteException: The stop timeout of 2000 ms was exceeded (Exit value: -559038737)
	at org.apache.commons.exec.PumpStreamHandler.stopThread(PumpStreamHandler.java:295)
	at org.apache.commons.exec.PumpStreamHandler.stop(PumpStreamHandler.java:180)
	at org.openqa.selenium.os.OsProcess.destroy(OsProcess.java:136)
	at org.openqa.selenium.os.CommandLine.destroy(CommandLine.java:153)
	at org.openqa.selenium.remote.service.DriverService.stop(DriverService.java:232)
	at org.openqa.selenium.remote.service.DriverCommandExecutor.execute(DriverCommandExecutor.java:95)
	at org.openqa.selenium.remote.RemoteWebDriver.execute(RemoteWebDriver.java:552)
	at org.openqa.selenium.remote.RemoteWebDriver.execute(RemoteWebDriver.java:609)
	at org.openqa.selenium.remote.RemoteWebDriver.quit(RemoteWebDriver.java:452)
	at net.thucydides.core.webdriver.WebDriverFacade.quit(WebDriverFacade.java:280)
	at net.thucydides.core.webdriver.WebdriverInstances.closeAndQuit(WebdriverInstances.java:78)
	at net.thucydides.core.webdriver.WebdriverInstances.closeCurrentDriver(WebdriverInstances.java:70)
	at net.thucydides.core.webdriver.WebdriverInstances.closeCurrentDrivers(WebdriverInstances.java:117)
	at net.thucydides.core.webdriver.SerenityWebdriverManager.closeCurrentDrivers(SerenityWebdriverManager.java:80)
	at net.thucydides.core.webdriver.ThucydidesWebDriverSupport.closeCurrentDrivers(ThucydidesWebDriverSupport.java:164)
	at net.thucydides.core.webdriver.WebdriverCloseBrowser.closeIfConfiguredForANew(WebdriverCloseBrowser.java:31)
	at net.thucydides.core.steps.BaseStepListener.exampleFinished(BaseStepListener.java:1135)
	at net.thucydides.core.steps.StepEventBus.exampleFinished(StepEventBus.java:684)
	at cucumber.runtime.formatter.SerenityReporter.finishExample(SerenityReporter.java:738)
	at cucumber.runtime.formatter.SerenityReporter.handleTestCaseFinished(SerenityReporter.java:274)
	at cucumber.runtime.formatter.SerenityReporter.lambda$new$2(SerenityReporter.java:128)
	at cucumber.runner.EventBus.send(EventBus.java:28)
	at cucumber.api.TestCase.run(TestCase.java:65)
	at cucumber.runner.Runner.runPickle(Runner.java:80)
	at cucumber.runtime.junit.PickleRunners$NoStepDescriptions.run(PickleRunners.java:140)
	at cucumber.runtime.junit.FeatureRunner.runChild(FeatureRunner.java:68)
	at cucumber.runtime.junit.FeatureRunner.runChild(FeatureRunner.java:23)
	at org.junit.runners.ParentRunner$3.run(ParentRunner.java:290)
	at org.junit.runners.ParentRunner$1.schedule(ParentRunner.java:71)
	at org.junit.runners.ParentRunner.runChildren(ParentRunner.java:288)
	at org.junit.runners.ParentRunner.access$000(ParentRunner.java:58)
	at org.junit.runners.ParentRunner$2.evaluate(ParentRunner.java:268)
	at org.junit.runners.ParentRunner.run(ParentRunner.java:363)
	at cucumber.runtime.junit.FeatureRunner.run(FeatureRunner.java:73)
	at cucumber.api.junit.Cucumber.runChild(Cucumber.java:118)
	at cucumber.api.junit.Cucumber.runChild(Cucumber.java:56)
	at org.junit.runners.ParentRunner$3.run(ParentRunner.java:290)
	at org.junit.runners.ParentRunner$1.schedule(ParentRunner.java:71)
	at org.junit.runners.ParentRunner.runChildren(ParentRunner.java:288)
	at org.junit.runners.ParentRunner.access$000(ParentRunner.java:58)
	at org.junit.runners.ParentRunner$2.evaluate(ParentRunner.java:268)
	at cucumber.api.junit.Cucumber$1.evaluate(Cucumber.java:127)
	at org.junit.runners.ParentRunner.run(ParentRunner.java:363)
	at org.gradle.api.internal.tasks.testing.junit.JUnitTestClassExecutor.runTestClass(JUnitTestClassExecutor.java:110)
	at org.gradle.api.internal.tasks.testing.junit.JUnitTestClassExecutor.execute(JUnitTestClassExecutor.java:58)
	at org.gradle.api.internal.tasks.testing.junit.JUnitTestClassExecutor.execute(JUnitTestClassExecutor.java:38)
	at org.gradle.api.internal.tasks.testing.junit.AbstractJUnitTestClassProcessor.processTestClass(AbstractJUnitTestClassProcessor.java:62)
	at org.gradle.api.internal.tasks.testing.SuiteTestClassProcessor.processTestClass(SuiteTestClassProcessor.java:51)
	at sun.reflect.NativeMethodAccessorImpl.invoke0(Native Method)
	at sun.reflect.NativeMethodAccessorImpl.invoke(NativeMethodAccessorImpl.java:62)
	at sun.reflect.DelegatingMethodAccessorImpl.invoke(DelegatingMethodAccessorImpl.java:43)
	at java.lang.reflect.Method.invoke(Method.java:498)
	at org.gradle.internal.dispatch.ReflectionDispatch.dispatch(ReflectionDispatch.java:35)
	at org.gradle.internal.dispatch.ReflectionDispatch.dispatch(ReflectionDispatch.java:24)
	at org.gradle.internal.dispatch.ContextClassLoaderDispatch.dispatch(ContextClassLoaderDispatch.java:32)
	at org.gradle.internal.dispatch.ProxyDispatchAdapter$DispatchingInvocationHandler.invoke(ProxyDispatchAdapter.java:93)
	at com.sun.proxy.$Proxy2.processTestClass(Unknown Source)
	at org.gradle.api.internal.tasks.testing.worker.TestWorker.processTestClass(TestWorker.java:118)
	at sun.reflect.NativeMethodAccessorImpl.invoke0(Native Method)
	at sun.reflect.NativeMethodAccessorImpl.invoke(NativeMethodAccessorImpl.java:62)
	at sun.reflect.DelegatingMethodAccessorImpl.invoke(DelegatingMethodAccessorImpl.java:43)
	at java.lang.reflect.Method.invoke(Method.java:498)
	at org.gradle.internal.dispatch.ReflectionDispatch.dispatch(ReflectionDispatch.java:35)
	at org.gradle.internal.dispatch.ReflectionDispatch.dispatch(ReflectionDispatch.java:24)
	at org.gradle.internal.remote.internal.hub.MessageHubBackedObjectConnection$DispatchWrapper.dispatch(MessageHubBackedObjectConnection.java:175)
	at org.gradle.internal.remote.internal.hub.MessageHubBackedObjectConnection$DispatchWrapper.dispatch(MessageHubBackedObjectConnection.java:157)
	at org.gradle.internal.remote.internal.hub.MessageHub$Handler.run(MessageHub.java:404)
	at org.gradle.internal.concurrent.ExecutorPolicy$CatchAndRecordFailures.onExecute(ExecutorPolicy.java:63)
	at org.gradle.internal.concurrent.ManagedExecutorImpl$1.run(ManagedExecutorImpl.java:46)
	at java.util.concurrent.ThreadPoolExecutor.runWorker(ThreadPoolExecutor.java:1149)
	at java.util.concurrent.ThreadPoolExecutor$Worker.run(ThreadPoolExecutor.java:624)
	at org.gradle.internal.concurrent.ThreadFactoryImpl$ManagedThreadRunnable.run(ThreadFactoryImpl.java:55)
	at java.lang.Thread.run(Thread.java:748)

[Test worker] WARN net.thucydides.core.steps.BaseStepListener - testFinished: Search for a automation course:Example: {user=1094966668, password=Choucair2021*, course=Metodología Bancolombia} [Given that Daniel wants to learn automation at the academy Choucair
| user | password |
| 1094966668 | Choucair2021* | [Daniel open up [Daniel opens the Choucair academy page], Daniel login [Daniel clicks on button that shows us the form to login, Daniel enters '1094966668' into where we write the user, Daniel enters 'Choucair2021*' into where we write the password of user, Daniel clicks on Button to confirm the data of user]], When he search for the course on the Choucair Academy platform
| course |
| Metodología Bancolombia | [Daniel search [Daniel clicks on button that shows us the courses, Daniel enters 'Metodología Bancolombia' into Search the course, Daniel clicks on click to search the course, Daniel clicks on click to select the course]], Then he finds the course called
| course |
| Metodología Bancolombia | [Then answer]]
[Test worker] WARN net.thucydides.core.steps.BaseStepListener - TestOutcomes: [Search for a automation course:Example: {user=1094966668, password=Choucair2021*, course=Metodología Bancolombia} [Given that Daniel wants to learn automation at the academy Choucair
| user | password |
| 1094966668 | Choucair2021* | [Daniel open up [Daniel opens the Choucair academy page], Daniel login [Daniel clicks on button that shows us the form to login, Daniel enters '1094966668' into where we write the user, Daniel enters 'Choucair2021*' into where we write the password of user, Daniel clicks on Button to confirm the data of user]], When he search for the course on the Choucair Academy platform
| course |
| Metodología Bancolombia | [Daniel search [Daniel clicks on button that shows us the courses, Daniel enters 'Metodología Bancolombia' into Search the course, Daniel clicks on click to search the course, Daniel clicks on click to select the course]], Then he finds the course called
| course |
| Metodología Bancolombia | [Then answer]]]
[Test worker] WARN net.thucydides.core.steps.BaseStepListener - Final testOutcomes: [Search for a automation course:Example: {user=1094966668, password=Choucair2021*, course=Metodología Bancolombia} [Given that Daniel wants to learn automation at the academy Choucair
| user | password |
| 1094966668 | Choucair2021* | [Daniel open up [Daniel opens the Choucair academy page], Daniel login [Daniel clicks on button that shows us the form to login, Daniel enters '1094966668' into where we write the user, Daniel enters 'Choucair2021*' into where we write the password of user, Daniel clicks on Button to confirm the data of user]], When he search for the course on the Choucair Academy platform
| course |
| Metodología Bancolombia | [Daniel search [Daniel clicks on button that shows us the courses, Daniel enters 'Metodología Bancolombia' into Search the course, Daniel clicks on click to search the course, Daniel clicks on click to select the course]], Then he finds the course called
| course |
| Metodología Bancolombia | [Then answer]]]
[Test worker] INFO net.thucydides.core.steps.ConsoleLoggingListener - 
        __    _____ _____ ____ _____   ____   _    ____  ____  _____ ____  
  _     \ \  |_   _| ____/ ___|_   _| |  _ \ / \  / ___|/ ___|| ____|  _ \ 
 (_)_____| |   | | |  _| \___ \ | |   | |_) / _ \ \___ \\___ \|  _| | | | |
  _|_____| |   | | | |___ ___) || |   |  __/ ___ \ ___) |___) | |___| |_| |
 (_)     | |   |_| |_____|____/ |_|   |_| /_/   \_\____/|____/|_____|____/ 
        /_/                                                                

TEST PASSED: Search for a automation course
----------------------------------------------------------------------------
]]></system-err>
</testsuite>
